
> asksaud-frontend@1.0.0 dev
> vite


  VITE v5.4.21  ready in 522 ms

  ➜  Local:   http://localhost:3000/
  ➜  Network: use --host to expose
Browserslist: browsers data (caniuse-lite) is 7 months old. Please run:
  npx update-browserslist-db@latest
  Why you should do it regularly: https://github.com/browserslist/update-db#readme
8:11:26 PM [vite] hmr update /src/index.css, /src/pages/CategoryPage.jsx, /src/pages/CaseStudyDetail.jsx, /src/components/Projects.jsx
8:15:07 PM [vite] http proxy error: /api/churn/models
AggregateError [ECONNREFUSED]: 
    at internalConnectMultiple (node:net:1134:18)
    at afterConnectMultiple (node:net:1715:7)
8:15:17 PM [vite] http proxy error: /api/churn/predict
AggregateError [ECONNREFUSED]: 
    at internalConnectMultiple (node:net:1134:18)
    at afterConnectMultiple (node:net:1715:7)
8:15:27 PM [vite] http proxy error: /api/churn/models
AggregateError [ECONNREFUSED]: 
    at internalConnectMultiple (node:net:1134:18)
    at afterConnectMultiple (node:net:1715:7)
9:38:40 PM [vite] hmr update /src/index.css, /src/pages/CaseStudyDetail.jsx, /src/components/CaseStudyCard.jsx
9:39:47 PM [vite] hmr update /src/index.css, /src/pages/CaseStudyDetail.jsx, /src/components/CaseStudyCard.jsx
9:42:18 PM [vite] hmr update /src/index.css, /src/pages/CaseStudyDetail.jsx, /src/components/CaseStudyCard.jsx
9:47:37 PM [vite] hmr update /src/index.css, /src/pages/CategoryPage.jsx, /src/pages/CaseStudyDetail.jsx, /src/components/Projects.jsx
9:53:23 PM [vite] hmr update /src/index.css, /src/pages/CategoryPage.jsx, /src/pages/CaseStudyDetail.jsx, /src/components/Projects.jsx
10:18:07 PM [vite] hmr update /src/index.css, /src/pages/CategoryPage.jsx, /src/pages/CaseStudyDetail.jsx, /src/components/Projects.jsx
12:53:10 AM [vite] hmr update /src/index.css, /src/pages/CaseStudyDetail.jsx, /src/components/CaseStudyCard.jsx
12:53:25 AM [vite] hmr update /src/index.css, /src/pages/CaseStudyDetail.jsx, /src/components/CaseStudyCard.jsx
12:53:59 AM [vite] hmr update /src/index.css, /src/pages/CaseStudyDetail.jsx, /src/components/CaseStudyCard.jsx
12:54:35 AM [vite] hmr update /src/index.css, /src/pages/CategoryPage.jsx, /src/pages/CaseStudyDetail.jsx, /src/components/Projects.jsx
12:56:18 AM [vite] hmr update /src/pages/CaseStudyDetail.jsx, /src/index.css
12:57:06 AM [vite] hmr update /src/pages/CaseStudyDetail.jsx, /src/index.css
12:59:01 AM [vite] hmr update /src/index.css, /src/pages/CategoryPage.jsx, /src/pages/CaseStudyDetail.jsx, /src/components/Projects.jsx
1:15:38 AM [vite] hmr update /src/index.css, /src/pages/CaseStudyDetail.jsx, /src/components/CaseStudyCard.jsx
1:15:57 AM [vite] hmr update /src/index.css, /src/pages/CaseStudyDetail.jsx, /src/components/CaseStudyCard.jsx
1:16:33 AM [vite] hmr update /src/index.css, /src/pages/CaseStudyDetail.jsx, /src/components/CaseStudyCard.jsx
1:18:24 AM [vite] hmr update /src/index.css, /src/pages/CategoryPage.jsx, /src/pages/CaseStudyDetail.jsx, /src/components/Projects.jsx
1:21:57 AM [vite] hmr update /src/index.css, /src/pages/CategoryPage.jsx, /src/pages/CaseStudyDetail.jsx, /src/components/Projects.jsx
1:22:51 AM [vite] hmr update /src/index.css, /src/pages/CategoryPage.jsx, /src/pages/CaseStudyDetail.jsx, /src/components/Projects.jsx
1:23:45 AM [vite] hmr update /src/index.css, /src/pages/CategoryPage.jsx, /src/pages/CaseStudyDetail.jsx, /src/components/Projects.jsx
1:24:23 AM [vite] hmr update /src/index.css, /src/pages/CategoryPage.jsx, /src/pages/CaseStudyDetail.jsx, /src/components/Projects.jsx
1:25:03 AM [vite] hmr update /src/index.css, /src/pages/CategoryPage.jsx, /src/pages/CaseStudyDetail.jsx, /src/components/Projects.jsx
2:42:35 AM [vite] hmr update /src/index.css, /src/pages/CaseStudyDetail.jsx, /src/components/CaseStudyCard.jsx
2:42:57 AM [vite] hmr update /src/index.css, /src/pages/CaseStudyDetail.jsx, /src/components/CaseStudyCard.jsx
2:43:40 AM [vite] hmr update /src/index.css, /src/pages/CaseStudyDetail.jsx, /src/components/CaseStudyCard.jsx
2:45:30 AM [vite] hmr update /src/index.css, /src/pages/CategoryPage.jsx, /src/pages/CaseStudyDetail.jsx, /src/components/Projects.jsx
11:07:29 AM [vite] hmr update /src/index.css, /src/pages/CaseStudyDetail.jsx, /src/components/CaseStudyCard.jsx
11:07:47 AM [vite] hmr update /src/index.css, /src/pages/CaseStudyDetail.jsx, /src/components/CaseStudyCard.jsx
11:08:33 AM [vite] hmr update /src/index.css, /src/pages/CaseStudyDetail.jsx, /src/components/CaseStudyCard.jsx
11:11:29 AM [vite] hmr update /src/index.css, /src/pages/CategoryPage.jsx, /src/pages/CaseStudyDetail.jsx, /src/components/Projects.jsx
12:27:35 PM [vite] hmr update /src/index.css, /src/pages/CaseStudyDetail.jsx, /src/components/CaseStudyCard.jsx
12:28:11 PM [vite] hmr update /src/index.css, /src/pages/CaseStudyDetail.jsx, /src/components/CaseStudyCard.jsx
12:28:54 PM [vite] hmr update /src/index.css, /src/pages/CaseStudyDetail.jsx, /src/components/CaseStudyCard.jsx
12:31:59 PM [vite] hmr update /src/index.css, /src/pages/CategoryPage.jsx, /src/pages/CaseStudyDetail.jsx, /src/components/Projects.jsx
12:34:59 PM [vite] hmr update /src/pages/CaseStudyDetail.jsx, /src/index.css
12:35:21 PM [vite] hmr update /src/pages/CaseStudyDetail.jsx, /src/index.css
12:38:28 PM [vite] hmr update /src/index.css, /src/pages/CategoryPage.jsx, /src/pages/CaseStudyDetail.jsx, /src/components/Projects.jsx
12:43:30 PM [vite] http proxy error: /api/agentic-chat/status
AggregateError [ECONNREFUSED]: 
    at internalConnectMultiple (node:net:1134:18)
    at afterConnectMultiple (node:net:1715:7)
12:43:37 PM [vite] http proxy error: /api/agentic-chat/message
AggregateError [ECONNREFUSED]: 
    at internalConnectMultiple (node:net:1134:18)
    at afterConnectMultiple (node:net:1715:7)
12:43:40 PM [vite] http proxy error: /api/agentic-chat/status
AggregateError [ECONNREFUSED]: 
    at internalConnectMultiple (node:net:1134:18)
    at afterConnectMultiple (node:net:1715:7)
1:55:12 PM [vite] hmr update /src/index.css, /src/pages/CaseStudyDetail.jsx, /src/components/CaseStudyCard.jsx
1:55:42 PM [vite] hmr update /src/index.css, /src/pages/CaseStudyDetail.jsx, /src/components/CaseStudyCard.jsx
1:56:42 PM [vite] hmr update /src/index.css, /src/pages/CaseStudyDetail.jsx, /src/components/CaseStudyCard.jsx
2:01:12 PM [vite] hmr update /src/index.css, /src/pages/CategoryPage.jsx, /src/pages/CaseStudyDetail.jsx, /src/components/Projects.jsx
